<?xml version="1.0" encoding="UTF-8"?>
<!-- Generated by org.testng.reporters.JUnitReportReporter -->
<testsuite skipped="0" hostname="LAPTOP-0A93O8N2" name="com.leafBot.testcases.TC001_LoginLogout" tests="2" failures="0" timestamp="08 Sep 2019 10:06:04 GMT" time="13.624" errors="0">
  <testcase name="runTC001" time="7.766" classname="com.leafBot.testcases.TC001_LoginLogout"/>
  <testcase name="runTC001" time="5.858" classname="com.leafBot.testcases.TC001_LoginLogout"/>
</testsuite> <!-- com.leafBot.testcases.TC001_LoginLogout -->
