<?xml version="1.0" encoding="UTF-8"?>
<!-- Generated by org.testng.reporters.JUnitReportReporter -->
<testsuite skipped="0" hostname="LAPTOP-0A93O8N2" name="com.leafBot.testcases.TC001_LoginLogout" tests="2" failures="0" timestamp="08 Sep 2019 06:36:26 GMT" time="11.337" errors="0">
  <testcase name="runTC001" time="5.430" classname="com.leafBot.testcases.TC001_LoginLogout"/>
  <testcase name="runTC001" time="5.907" classname="com.leafBot.testcases.TC001_LoginLogout"/>
</testsuite> <!-- com.leafBot.testcases.TC001_LoginLogout -->
