<?xml version="1.0" encoding="UTF-8"?>
<!-- Generated by org.testng.reporters.JUnitReportReporter -->
<testsuite skipped="0" hostname="LAPTOP-0A93O8N2" name="com.leafBot.testcases.LoginLogout" tests="2" failures="0" timestamp="08 Sep 2019 04:55:02 GMT" time="12.390" errors="0">
  <testcase name="runTC001" time="6.475" classname="com.leafBot.testcases.LoginLogout"/>
  <testcase name="runTC001" time="5.915" classname="com.leafBot.testcases.LoginLogout"/>
</testsuite> <!-- com.leafBot.testcases.LoginLogout -->
