<?xml version="1.0" encoding="UTF-8"?>
<!-- Generated by org.testng.reporters.JUnitReportReporter -->
<testsuite skipped="0" hostname="LAPTOP-0A93O8N2" name="com.leafBot.testcases.TC002_CreateLead" tests="4" failures="0" timestamp="08 Sep 2019 07:03:33 GMT" time="65.434" errors="0">
  <testcase name="runTC002" time="15.377" classname="com.leafBot.testcases.TC002_CreateLead"/>
  <testcase name="runTC002" time="16.461" classname="com.leafBot.testcases.TC002_CreateLead"/>
  <testcase name="runTC002" time="18.189" classname="com.leafBot.testcases.TC002_CreateLead"/>
  <testcase name="runTC002" time="15.407" classname="com.leafBot.testcases.TC002_CreateLead"/>
</testsuite> <!-- com.leafBot.testcases.TC002_CreateLead -->
