<?xml version="1.0" encoding="UTF-8"?>
<!-- Generated by org.testng.reporters.JUnitReportReporter -->
<testsuite skipped="0" hostname="LAPTOP-0A93O8N2" name="com.leafBot.testcases.TC002_CreateLead" tests="4" failures="0" timestamp="08 Sep 2019 10:15:42 GMT" time="74.528" errors="0">
  <testcase name="runTC002" time="18.149" classname="com.leafBot.testcases.TC002_CreateLead"/>
  <testcase name="runTC002" time="18.636" classname="com.leafBot.testcases.TC002_CreateLead"/>
  <testcase name="runTC002" time="18.864" classname="com.leafBot.testcases.TC002_CreateLead"/>
  <testcase name="runTC002" time="18.879" classname="com.leafBot.testcases.TC002_CreateLead"/>
</testsuite> <!-- com.leafBot.testcases.TC002_CreateLead -->
